{"/Users/hanhthaoluu/401/labs/lab-08-rest/lib/parse-request.js": {"path":"/Users/hanhthaoluu/401/labs/lab-08-rest/lib/parse-request.js","statementMap":{"0":{"start":{"line":3,"column":12},"end":{"line":3,"column":26}},"1":{"start":{"line":4,"column":20},"end":{"line":4,"column":42}},"2":{"start":{"line":6,"column":0},"end":{"line":44,"column":2}},"3":{"start":{"line":7,"column":2},"end":{"line":43,"column":5}},"4":{"start":{"line":9,"column":4},"end":{"line":9,"column":33}},"5":{"start":{"line":10,"column":4},"end":{"line":10,"column":53}},"6":{"start":{"line":17,"column":4},"end":{"line":19,"column":5}},"7":{"start":{"line":18,"column":6},"end":{"line":18,"column":19}},"8":{"start":{"line":21,"column":15},"end":{"line":21,"column":17}},"9":{"start":{"line":24,"column":4},"end":{"line":26,"column":7}},"10":{"start":{"line":25,"column":6},"end":{"line":25,"column":32}},"11":{"start":{"line":30,"column":4},"end":{"line":40,"column":7}},"12":{"start":{"line":31,"column":6},"end":{"line":39,"column":7}},"13":{"start":{"line":32,"column":8},"end":{"line":34,"column":9}},"14":{"start":{"line":33,"column":10},"end":{"line":33,"column":38}},"15":{"start":{"line":35,"column":8},"end":{"line":35,"column":21}},"16":{"start":{"line":38,"column":8},"end":{"line":38,"column":22}},"17":{"start":{"line":42,"column":4},"end":{"line":42,"column":28}}},"fnMap":{"0":{"name":"(anonymous_0)","decl":{"start":{"line":6,"column":17},"end":{"line":6,"column":18}},"loc":{"start":{"line":6,"column":26},"end":{"line":44,"column":1}},"line":6},"1":{"name":"(anonymous_1)","decl":{"start":{"line":7,"column":22},"end":{"line":7,"column":23}},"loc":{"start":{"line":7,"column":43},"end":{"line":43,"column":3}},"line":7},"2":{"name":"(anonymous_2)","decl":{"start":{"line":24,"column":19},"end":{"line":24,"column":20}},"loc":{"start":{"line":24,"column":31},"end":{"line":26,"column":5}},"line":24},"3":{"name":"(anonymous_3)","decl":{"start":{"line":30,"column":18},"end":{"line":30,"column":19}},"loc":{"start":{"line":30,"column":24},"end":{"line":40,"column":5}},"line":30}},"branchMap":{"0":{"loc":{"start":{"line":17,"column":4},"end":{"line":19,"column":5}},"type":"if","locations":[{"start":{"line":17,"column":4},"end":{"line":19,"column":5}},{"start":{"line":17,"column":4},"end":{"line":19,"column":5}}],"line":17},"1":{"loc":{"start":{"line":17,"column":10},"end":{"line":17,"column":80}},"type":"binary-expr","locations":[{"start":{"line":17,"column":10},"end":{"line":17,"column":30}},{"start":{"line":17,"column":33},"end":{"line":17,"column":54}},{"start":{"line":17,"column":58},"end":{"line":17,"column":80}}],"line":17},"2":{"loc":{"start":{"line":32,"column":8},"end":{"line":34,"column":9}},"type":"if","locations":[{"start":{"line":32,"column":8},"end":{"line":34,"column":9}},{"start":{"line":32,"column":8},"end":{"line":34,"column":9}}],"line":32}},"s":{"0":1,"1":1,"2":1,"3":3,"4":3,"5":3,"6":3,"7":0,"8":3,"9":3,"10":3,"11":3,"12":3,"13":3,"14":3,"15":3,"16":0,"17":3},"f":{"0":3,"1":3,"2":3,"3":3},"b":{"0":[0,3],"1":[3,3,0],"2":[3,0]},"_coverageSchema":"332fd63041d2c1bcb487cc26dd0d5f7d97098a6c","hash":"a21ea672902c577028c9ce251f1d9e538d4c572e"}
,"/Users/hanhthaoluu/401/labs/lab-08-rest/lib/router.js": {"path":"/Users/hanhthaoluu/401/labs/lab-08-rest/lib/router.js","statementMap":{"0":{"start":{"line":3,"column":15},"end":{"line":3,"column":41}},"1":{"start":{"line":14,"column":22},"end":{"line":20,"column":1}},"2":{"start":{"line":23,"column":0},"end":{"line":65,"column":2}},"3":{"start":{"line":25,"column":4},"end":{"line":25,"column":38}},"4":{"start":{"line":28,"column":4},"end":{"line":28,"column":39}},"5":{"start":{"line":31,"column":4},"end":{"line":31,"column":38}},"6":{"start":{"line":34,"column":4},"end":{"line":34,"column":40}},"7":{"start":{"line":37,"column":4},"end":{"line":37,"column":41}},"8":{"start":{"line":47,"column":4},"end":{"line":62,"column":9}},"9":{"start":{"line":49,"column":22},"end":{"line":49,"column":65}},"10":{"start":{"line":50,"column":8},"end":{"line":56,"column":9}},"11":{"start":{"line":51,"column":10},"end":{"line":51,"column":34}},"12":{"start":{"line":53,"column":10},"end":{"line":53,"column":53}},"13":{"start":{"line":54,"column":10},"end":{"line":54,"column":29}},"14":{"start":{"line":55,"column":10},"end":{"line":55,"column":20}},"15":{"start":{"line":59,"column":8},"end":{"line":59,"column":46}},"16":{"start":{"line":60,"column":8},"end":{"line":60,"column":27}},"17":{"start":{"line":61,"column":8},"end":{"line":61,"column":18}}},"fnMap":{"0":{"name":"(anonymous_0)","decl":{"start":{"line":24,"column":7},"end":{"line":24,"column":8}},"loc":{"start":{"line":24,"column":26},"end":{"line":26,"column":3}},"line":24},"1":{"name":"(anonymous_1)","decl":{"start":{"line":27,"column":8},"end":{"line":27,"column":9}},"loc":{"start":{"line":27,"column":27},"end":{"line":29,"column":3}},"line":27},"2":{"name":"(anonymous_2)","decl":{"start":{"line":30,"column":7},"end":{"line":30,"column":8}},"loc":{"start":{"line":30,"column":26},"end":{"line":32,"column":3}},"line":30},"3":{"name":"(anonymous_3)","decl":{"start":{"line":33,"column":9},"end":{"line":33,"column":10}},"loc":{"start":{"line":33,"column":28},"end":{"line":35,"column":3}},"line":33},"4":{"name":"(anonymous_4)","decl":{"start":{"line":36,"column":10},"end":{"line":36,"column":11}},"loc":{"start":{"line":36,"column":29},"end":{"line":38,"column":3}},"line":36},"5":{"name":"(anonymous_5)","decl":{"start":{"line":41,"column":9},"end":{"line":41,"column":10}},"loc":{"start":{"line":41,"column":23},"end":{"line":63,"column":3}},"line":41},"6":{"name":"(anonymous_6)","decl":{"start":{"line":48,"column":13},"end":{"line":48,"column":14}},"loc":{"start":{"line":48,"column":22},"end":{"line":57,"column":7}},"line":48},"7":{"name":"(anonymous_7)","decl":{"start":{"line":58,"column":14},"end":{"line":58,"column":15}},"loc":{"start":{"line":58,"column":25},"end":{"line":62,"column":7}},"line":58}},"branchMap":{"0":{"loc":{"start":{"line":50,"column":8},"end":{"line":56,"column":9}},"type":"if","locations":[{"start":{"line":50,"column":8},"end":{"line":56,"column":9}},{"start":{"line":50,"column":8},"end":{"line":56,"column":9}}],"line":50}},"s":{"0":1,"1":1,"2":1,"3":1,"4":2,"5":0,"6":0,"7":1,"8":3,"9":3,"10":3,"11":3,"12":0,"13":0,"14":0,"15":0,"16":0,"17":0},"f":{"0":1,"1":2,"2":0,"3":0,"4":1,"5":3,"6":3,"7":0},"b":{"0":[3,0]},"_coverageSchema":"332fd63041d2c1bcb487cc26dd0d5f7d97098a6c","hash":"aef4962c1f5b675999c08a5239f634e959cca985"}
,"/Users/hanhthaoluu/401/labs/lab-08-rest/lib/server.js": {"path":"/Users/hanhthaoluu/401/labs/lab-08-rest/lib/server.js","statementMap":{"0":{"start":{"line":3,"column":13},"end":{"line":3,"column":28}},"1":{"start":{"line":4,"column":15},"end":{"line":4,"column":34}},"2":{"start":{"line":5,"column":19},"end":{"line":5,"column":43}},"3":{"start":{"line":8,"column":16},"end":{"line":8,"column":21}},"4":{"start":{"line":11,"column":12},"end":{"line":11,"column":43}},"5":{"start":{"line":13,"column":0},"end":{"line":48,"column":2}},"6":{"start":{"line":16,"column":4},"end":{"line":29,"column":7}},"7":{"start":{"line":17,"column":6},"end":{"line":28,"column":7}},"8":{"start":{"line":18,"column":8},"end":{"line":25,"column":11}},"9":{"start":{"line":19,"column":10},"end":{"line":24,"column":11}},"10":{"start":{"line":20,"column":12},"end":{"line":20,"column":26}},"11":{"start":{"line":22,"column":12},"end":{"line":22,"column":29}},"12":{"start":{"line":23,"column":12},"end":{"line":23,"column":52}},"13":{"start":{"line":27,"column":8},"end":{"line":27,"column":44}},"14":{"start":{"line":33,"column":4},"end":{"line":46,"column":7}},"15":{"start":{"line":34,"column":6},"end":{"line":45,"column":7}},"16":{"start":{"line":35,"column":8},"end":{"line":35,"column":52}},"17":{"start":{"line":37,"column":8},"end":{"line":44,"column":11}},"18":{"start":{"line":38,"column":10},"end":{"line":43,"column":11}},"19":{"start":{"line":39,"column":12},"end":{"line":39,"column":26}},"20":{"start":{"line":41,"column":12},"end":{"line":41,"column":30}},"21":{"start":{"line":42,"column":12},"end":{"line":42,"column":37}}},"fnMap":{"0":{"name":"(anonymous_0)","decl":{"start":{"line":15,"column":9},"end":{"line":15,"column":10}},"loc":{"start":{"line":15,"column":19},"end":{"line":30,"column":3}},"line":15},"1":{"name":"(anonymous_1)","decl":{"start":{"line":16,"column":25},"end":{"line":16,"column":26}},"loc":{"start":{"line":16,"column":46},"end":{"line":29,"column":5}},"line":16},"2":{"name":"(anonymous_2)","decl":{"start":{"line":18,"column":25},"end":{"line":18,"column":26}},"loc":{"start":{"line":18,"column":36},"end":{"line":25,"column":9}},"line":18},"3":{"name":"(anonymous_3)","decl":{"start":{"line":32,"column":8},"end":{"line":32,"column":9}},"loc":{"start":{"line":32,"column":14},"end":{"line":47,"column":3}},"line":32},"4":{"name":"(anonymous_4)","decl":{"start":{"line":33,"column":24},"end":{"line":33,"column":25}},"loc":{"start":{"line":33,"column":45},"end":{"line":46,"column":5}},"line":33},"5":{"name":"(anonymous_5)","decl":{"start":{"line":37,"column":18},"end":{"line":37,"column":19}},"loc":{"start":{"line":37,"column":27},"end":{"line":44,"column":9}},"line":37}},"branchMap":{"0":{"loc":{"start":{"line":17,"column":6},"end":{"line":28,"column":7}},"type":"if","locations":[{"start":{"line":17,"column":6},"end":{"line":28,"column":7}},{"start":{"line":17,"column":6},"end":{"line":28,"column":7}}],"line":17},"1":{"loc":{"start":{"line":19,"column":10},"end":{"line":24,"column":11}},"type":"if","locations":[{"start":{"line":19,"column":10},"end":{"line":24,"column":11}},{"start":{"line":19,"column":10},"end":{"line":24,"column":11}}],"line":19},"2":{"loc":{"start":{"line":34,"column":6},"end":{"line":45,"column":7}},"type":"if","locations":[{"start":{"line":34,"column":6},"end":{"line":45,"column":7}},{"start":{"line":34,"column":6},"end":{"line":45,"column":7}}],"line":34},"3":{"loc":{"start":{"line":38,"column":10},"end":{"line":43,"column":11}},"type":"if","locations":[{"start":{"line":38,"column":10},"end":{"line":43,"column":11}},{"start":{"line":38,"column":10},"end":{"line":43,"column":11}}],"line":38}},"s":{"0":1,"1":1,"2":1,"3":1,"4":1,"5":1,"6":1,"7":1,"8":1,"9":1,"10":0,"11":1,"12":1,"13":0,"14":1,"15":1,"16":0,"17":1,"18":1,"19":0,"20":1,"21":1},"f":{"0":1,"1":1,"2":1,"3":1,"4":1,"5":1},"b":{"0":[1,0],"1":[0,1],"2":[0,1],"3":[0,1]},"_coverageSchema":"332fd63041d2c1bcb487cc26dd0d5f7d97098a6c","hash":"9be4f76b0e4c7358c645db536fc90a4d90f676f5"}
,"/Users/hanhthaoluu/401/labs/lab-08-rest/model/note.js": {"path":"/Users/hanhthaoluu/401/labs/lab-08-rest/model/note.js","statementMap":{"0":{"start":{"line":3,"column":13},"end":{"line":3,"column":31}},"1":{"start":{"line":8,"column":4},"end":{"line":8,"column":21}},"2":{"start":{"line":9,"column":4},"end":{"line":9,"column":36}},"3":{"start":{"line":10,"column":4},"end":{"line":10,"column":32}},"4":{"start":{"line":11,"column":4},"end":{"line":11,"column":40}},"5":{"start":{"line":16,"column":26},"end":{"line":16,"column":130}},"6":{"start":{"line":18,"column":4},"end":{"line":18,"column":27}},"7":{"start":{"line":22,"column":0},"end":{"line":22,"column":22}}},"fnMap":{"0":{"name":"(anonymous_0)","decl":{"start":{"line":7,"column":2},"end":{"line":7,"column":3}},"loc":{"start":{"line":7,"column":22},"end":{"line":12,"column":3}},"line":7},"1":{"name":"(anonymous_1)","decl":{"start":{"line":15,"column":2},"end":{"line":15,"column":3}},"loc":{"start":{"line":15,"column":13},"end":{"line":19,"column":3}},"line":15}},"branchMap":{"0":{"loc":{"start":{"line":9,"column":17},"end":{"line":9,"column":35}},"type":"binary-expr","locations":[{"start":{"line":9,"column":17},"end":{"line":9,"column":29}},{"start":{"line":9,"column":33},"end":{"line":9,"column":35}}],"line":9},"1":{"loc":{"start":{"line":11,"column":19},"end":{"line":11,"column":39}},"type":"binary-expr","locations":[{"start":{"line":11,"column":19},"end":{"line":11,"column":33}},{"start":{"line":11,"column":37},"end":{"line":11,"column":39}}],"line":11}},"s":{"0":1,"1":1,"2":1,"3":1,"4":1,"5":0,"6":0,"7":1},"f":{"0":1,"1":0},"b":{"0":[1,0],"1":[1,0]},"_coverageSchema":"332fd63041d2c1bcb487cc26dd0d5f7d97098a6c","hash":"20aeaafa5fb7b64e534bcd587b72b386487ea665"}
,"/Users/hanhthaoluu/401/labs/lab-08-rest/route/note.js": {"path":"/Users/hanhthaoluu/401/labs/lab-08-rest/route/note.js","statementMap":{"0":{"start":{"line":3,"column":13},"end":{"line":3,"column":37}},"1":{"start":{"line":4,"column":15},"end":{"line":4,"column":39}},"2":{"start":{"line":6,"column":12},"end":{"line":6,"column":14}},"3":{"start":{"line":8,"column":17},"end":{"line":12,"column":1}},"4":{"start":{"line":9,"column":2},"end":{"line":9,"column":24}},"5":{"start":{"line":10,"column":2},"end":{"line":10,"column":18}},"6":{"start":{"line":11,"column":2},"end":{"line":11,"column":12}},"7":{"start":{"line":14,"column":15},"end":{"line":19,"column":1}},"8":{"start":{"line":15,"column":2},"end":{"line":17,"column":5}},"9":{"start":{"line":18,"column":2},"end":{"line":18,"column":32}},"10":{"start":{"line":21,"column":0},"end":{"line":36,"column":3}},"11":{"start":{"line":23,"column":2},"end":{"line":25,"column":3}},"12":{"start":{"line":24,"column":4},"end":{"line":24,"column":52}},"13":{"start":{"line":27,"column":2},"end":{"line":29,"column":3}},"14":{"start":{"line":28,"column":4},"end":{"line":28,"column":54}},"15":{"start":{"line":31,"column":13},"end":{"line":31,"column":31}},"16":{"start":{"line":32,"column":2},"end":{"line":32,"column":24}},"17":{"start":{"line":34,"column":2},"end":{"line":34,"column":27}},"18":{"start":{"line":38,"column":0},"end":{"line":42,"column":3}},"19":{"start":{"line":39,"column":2},"end":{"line":41,"column":38}},"20":{"start":{"line":44,"column":0},"end":{"line":56,"column":3}},"21":{"start":{"line":45,"column":11},"end":{"line":45,"column":55}},"22":{"start":{"line":47,"column":2},"end":{"line":55,"column":3}},"23":{"start":{"line":48,"column":4},"end":{"line":52,"column":5}},"24":{"start":{"line":49,"column":6},"end":{"line":49,"column":36}},"25":{"start":{"line":51,"column":6},"end":{"line":51,"column":71}},"26":{"start":{"line":54,"column":4},"end":{"line":54,"column":30}},"27":{"start":{"line":58,"column":0},"end":{"line":71,"column":3}},"28":{"start":{"line":59,"column":11},"end":{"line":59,"column":55}},"29":{"start":{"line":61,"column":2},"end":{"line":70,"column":3}},"30":{"start":{"line":62,"column":4},"end":{"line":67,"column":5}},"31":{"start":{"line":63,"column":6},"end":{"line":63,"column":23}},"32":{"start":{"line":64,"column":6},"end":{"line":64,"column":49}},"33":{"start":{"line":66,"column":6},"end":{"line":66,"column":71}},"34":{"start":{"line":69,"column":4},"end":{"line":69,"column":45}}},"fnMap":{"0":{"name":"(anonymous_0)","decl":{"start":{"line":8,"column":17},"end":{"line":8,"column":18}},"loc":{"start":{"line":8,"column":40},"end":{"line":12,"column":1}},"line":8},"1":{"name":"(anonymous_1)","decl":{"start":{"line":14,"column":15},"end":{"line":14,"column":16}},"loc":{"start":{"line":14,"column":38},"end":{"line":19,"column":1}},"line":14},"2":{"name":"(anonymous_2)","decl":{"start":{"line":21,"column":26},"end":{"line":21,"column":27}},"loc":{"start":{"line":21,"column":40},"end":{"line":36,"column":1}},"line":21},"3":{"name":"(anonymous_3)","decl":{"start":{"line":38,"column":31},"end":{"line":38,"column":32}},"loc":{"start":{"line":38,"column":44},"end":{"line":42,"column":1}},"line":38},"4":{"name":"(anonymous_4)","decl":{"start":{"line":44,"column":25},"end":{"line":44,"column":26}},"loc":{"start":{"line":44,"column":38},"end":{"line":56,"column":1}},"line":44},"5":{"name":"(anonymous_5)","decl":{"start":{"line":58,"column":28},"end":{"line":58,"column":29}},"loc":{"start":{"line":58,"column":42},"end":{"line":71,"column":1}},"line":58}},"branchMap":{"0":{"loc":{"start":{"line":23,"column":2},"end":{"line":25,"column":3}},"type":"if","locations":[{"start":{"line":23,"column":2},"end":{"line":25,"column":3}},{"start":{"line":23,"column":2},"end":{"line":25,"column":3}}],"line":23},"1":{"loc":{"start":{"line":27,"column":2},"end":{"line":29,"column":3}},"type":"if","locations":[{"start":{"line":27,"column":2},"end":{"line":29,"column":3}},{"start":{"line":27,"column":2},"end":{"line":29,"column":3}}],"line":27},"2":{"loc":{"start":{"line":45,"column":11},"end":{"line":45,"column":55}},"type":"binary-expr","locations":[{"start":{"line":45,"column":11},"end":{"line":45,"column":18}},{"start":{"line":45,"column":22},"end":{"line":45,"column":35}},{"start":{"line":45,"column":39},"end":{"line":45,"column":55}}],"line":45},"3":{"loc":{"start":{"line":47,"column":2},"end":{"line":55,"column":3}},"type":"if","locations":[{"start":{"line":47,"column":2},"end":{"line":55,"column":3}},{"start":{"line":47,"column":2},"end":{"line":55,"column":3}}],"line":47},"4":{"loc":{"start":{"line":48,"column":4},"end":{"line":52,"column":5}},"type":"if","locations":[{"start":{"line":48,"column":4},"end":{"line":52,"column":5}},{"start":{"line":48,"column":4},"end":{"line":52,"column":5}}],"line":48},"5":{"loc":{"start":{"line":59,"column":11},"end":{"line":59,"column":55}},"type":"binary-expr","locations":[{"start":{"line":59,"column":11},"end":{"line":59,"column":18}},{"start":{"line":59,"column":22},"end":{"line":59,"column":35}},{"start":{"line":59,"column":39},"end":{"line":59,"column":55}}],"line":59},"6":{"loc":{"start":{"line":61,"column":2},"end":{"line":70,"column":3}},"type":"if","locations":[{"start":{"line":61,"column":2},"end":{"line":70,"column":3}},{"start":{"line":61,"column":2},"end":{"line":70,"column":3}}],"line":61},"7":{"loc":{"start":{"line":62,"column":4},"end":{"line":67,"column":5}},"type":"if","locations":[{"start":{"line":62,"column":4},"end":{"line":67,"column":5}},{"start":{"line":62,"column":4},"end":{"line":67,"column":5}}],"line":62}},"s":{"0":1,"1":1,"2":1,"3":1,"4":2,"5":2,"6":2,"7":1,"8":1,"9":1,"10":1,"11":3,"12":1,"13":2,"14":1,"15":1,"16":1,"17":1,"18":1,"19":0,"20":1,"21":0,"22":0,"23":0,"24":0,"25":0,"26":0,"27":1,"28":0,"29":0,"30":0,"31":0,"32":0,"33":0,"34":0},"f":{"0":2,"1":1,"2":3,"3":0,"4":0,"5":0},"b":{"0":[1,2],"1":[1,1],"2":[0,0,0],"3":[0,0],"4":[0,0],"5":[0,0,0],"6":[0,0],"7":[0,0]},"_coverageSchema":"332fd63041d2c1bcb487cc26dd0d5f7d97098a6c","hash":"49d639d385fca06bcfbeec6719aecf1e859c2ad9"}
}
