TN:
SF:/Users/hanhthaoluu/401/labs/lab-08-rest/lib/parse-request.js
FN:6,(anonymous_0)
FN:7,(anonymous_1)
FN:24,(anonymous_2)
FN:30,(anonymous_3)
FNF:4
FNH:4
FNDA:3,(anonymous_0)
FNDA:3,(anonymous_1)
FNDA:3,(anonymous_2)
FNDA:3,(anonymous_3)
DA:3,1
DA:4,1
DA:6,1
DA:7,3
DA:9,3
DA:10,3
DA:17,3
DA:18,0
DA:21,3
DA:24,3
DA:25,3
DA:30,3
DA:31,3
DA:32,3
DA:33,3
DA:35,3
DA:38,0
DA:42,3
LF:18
LH:16
BRDA:17,0,0,0
BRDA:17,0,1,3
BRDA:17,1,0,3
BRDA:17,1,1,3
BRDA:17,1,2,0
BRDA:32,2,0,3
BRDA:32,2,1,0
BRF:7
BRH:4
end_of_record
TN:
SF:/Users/hanhthaoluu/401/labs/lab-08-rest/lib/router.js
FN:24,(anonymous_0)
FN:27,(anonymous_1)
FN:30,(anonymous_2)
FN:33,(anonymous_3)
FN:36,(anonymous_4)
FN:41,(anonymous_5)
FN:48,(anonymous_6)
FN:58,(anonymous_7)
FNF:8
FNH:5
FNDA:1,(anonymous_0)
FNDA:2,(anonymous_1)
FNDA:0,(anonymous_2)
FNDA:0,(anonymous_3)
FNDA:1,(anonymous_4)
FNDA:3,(anonymous_5)
FNDA:3,(anonymous_6)
FNDA:0,(anonymous_7)
DA:3,1
DA:14,1
DA:23,1
DA:25,1
DA:28,2
DA:31,0
DA:34,0
DA:37,1
DA:47,3
DA:49,3
DA:50,3
DA:51,3
DA:53,0
DA:54,0
DA:55,0
DA:59,0
DA:60,0
DA:61,0
LF:18
LH:10
BRDA:50,0,0,3
BRDA:50,0,1,0
BRF:2
BRH:1
end_of_record
TN:
SF:/Users/hanhthaoluu/401/labs/lab-08-rest/lib/server.js
FN:15,(anonymous_0)
FN:16,(anonymous_1)
FN:18,(anonymous_2)
FN:32,(anonymous_3)
FN:33,(anonymous_4)
FN:37,(anonymous_5)
FNF:6
FNH:6
FNDA:1,(anonymous_0)
FNDA:1,(anonymous_1)
FNDA:1,(anonymous_2)
FNDA:1,(anonymous_3)
FNDA:1,(anonymous_4)
FNDA:1,(anonymous_5)
DA:3,1
DA:4,1
DA:5,1
DA:8,1
DA:11,1
DA:13,1
DA:16,1
DA:17,1
DA:18,1
DA:19,1
DA:20,0
DA:22,1
DA:23,1
DA:27,0
DA:33,1
DA:34,1
DA:35,0
DA:37,1
DA:38,1
DA:39,0
DA:41,1
DA:42,1
LF:22
LH:18
BRDA:17,0,0,1
BRDA:17,0,1,0
BRDA:19,1,0,0
BRDA:19,1,1,1
BRDA:34,2,0,0
BRDA:34,2,1,1
BRDA:38,3,0,0
BRDA:38,3,1,1
BRF:8
BRH:4
end_of_record
TN:
SF:/Users/hanhthaoluu/401/labs/lab-08-rest/model/note.js
FN:7,(anonymous_0)
FN:15,(anonymous_1)
FNF:2
FNH:1
FNDA:1,(anonymous_0)
FNDA:0,(anonymous_1)
DA:3,1
DA:8,1
DA:9,1
DA:10,1
DA:11,1
DA:16,0
DA:18,0
DA:22,1
LF:8
LH:6
BRDA:9,0,0,1
BRDA:9,0,1,0
BRDA:11,1,0,1
BRDA:11,1,1,0
BRF:4
BRH:2
end_of_record
TN:
SF:/Users/hanhthaoluu/401/labs/lab-08-rest/route/note.js
FN:8,(anonymous_0)
FN:14,(anonymous_1)
FN:21,(anonymous_2)
FN:38,(anonymous_3)
FN:44,(anonymous_4)
FN:58,(anonymous_5)
FNF:6
FNH:3
FNDA:2,(anonymous_0)
FNDA:1,(anonymous_1)
FNDA:3,(anonymous_2)
FNDA:0,(anonymous_3)
FNDA:0,(anonymous_4)
FNDA:0,(anonymous_5)
DA:3,1
DA:4,1
DA:6,1
DA:8,1
DA:9,2
DA:10,2
DA:11,2
DA:14,1
DA:15,1
DA:18,1
DA:21,1
DA:23,3
DA:24,1
DA:27,2
DA:28,1
DA:31,1
DA:32,1
DA:34,1
DA:38,1
DA:39,0
DA:44,1
DA:45,0
DA:47,0
DA:48,0
DA:49,0
DA:51,0
DA:54,0
DA:58,1
DA:59,0
DA:61,0
DA:62,0
DA:63,0
DA:64,0
DA:66,0
DA:69,0
LF:35
LH:21
BRDA:23,0,0,1
BRDA:23,0,1,2
BRDA:27,1,0,1
BRDA:27,1,1,1
BRDA:45,2,0,0
BRDA:45,2,1,0
BRDA:45,2,2,0
BRDA:47,3,0,0
BRDA:47,3,1,0
BRDA:48,4,0,0
BRDA:48,4,1,0
BRDA:59,5,0,0
BRDA:59,5,1,0
BRDA:59,5,2,0
BRDA:61,6,0,0
BRDA:61,6,1,0
BRDA:62,7,0,0
BRDA:62,7,1,0
BRF:18
BRH:4
end_of_record
